#
# There is insufficient memory for the Java Runtime Environment to continue.
# Native memory allocation (mmap) failed to map 847249408 bytes for G1 virtual space
# Possible reasons:
#   The system is out of physical RAM or swap space
#   The process is running with CompressedOops enabled, and the Java Heap may be blocking the growth of the native heap
# Possible solutions:
#   Reduce memory load on the system
#   Increase physical memory or swap space
#   Check if swap backing store is full
#   Decrease Java heap size (-Xmx/-Xms)
#   Decrease number of Java threads
#   Decrease Java thread stack sizes (-Xss)
#   Set larger code cache with -XX:ReservedCodeCacheSize=
#   JVM is running with Zero Based Compressed Oops mode in which the Java heap is
#     placed in the first 32GB address space. The Java Heap base address is the
#     maximum limit for the native heap growth. Please use -XX:HeapBaseMinAddress
#     to set the Java Heap base and to place the Java Heap above 32GB virtual address.
# This output file may be truncated or incomplete.
#
#  Out of Memory Error (os_windows.cpp:3603), pid=39764, tid=20840
#
# JRE version: Java(TM) SE Runtime Environment (21.0.7+8) (build 21.0.7+8-LTS-245)
# Java VM: Java HotSpot(TM) 64-Bit Server VM (21.0.7+8-LTS-245, mixed mode, sharing, tiered, compressed oops, compressed class ptrs, g1 gc, windows-amd64)
# No core dump will be written. Minidumps are not enabled by default on client versions of Windows
#

---------------  S U M M A R Y ------------

Command Line: --add-opens=java.base/java.lang=ALL-UNNAMED --add-opens=java.base/java.lang.invoke=ALL-UNNAMED --add-opens=java.base/java.util=ALL-UNNAMED --add-opens=java.prefs/java.util.prefs=ALL-UNNAMED --add-exports=jdk.compiler/com.sun.tools.javac.api=ALL-UNNAMED --add-exports=jdk.compiler/com.sun.tools.javac.util=ALL-UNNAMED --add-opens=java.base/java.util=ALL-UNNAMED --add-opens=java.prefs/java.util.prefs=ALL-UNNAMED --add-opens=java.base/java.nio.charset=ALL-UNNAMED --add-opens=java.base/java.net=ALL-UNNAMED --add-opens=java.base/java.util.concurrent.atomic=ALL-UNNAMED --add-opens=java.xml/javax.xml.namespace=ALL-UNNAMED -Xms768m -Xmx10485m -Dfile.encoding=UTF-8 -Duser.country=IN -Duser.language=en -Duser.variant -javaagent:C:\Users\pankajk\.gradle\wrapper\dists\gradle-8.14.3-bin\cv11ve7ro1n3o1j4so8xd9n66\gradle-8.14.3\lib\agents\gradle-instrumentation-agent-8.14.3.jar org.gradle.launcher.daemon.bootstrap.GradleDaemon 8.14.3

Host: 13th Gen Intel(R) Core(TM) i5-1335U, 12 cores, 15G,  Windows 11 , 64 bit Build 26100 (10.0.26100.4768)
Time: Wed Aug  6 15:03:55 2025 India Standard Time elapsed time: 189.624973 seconds (0d 0h 3m 9s)

---------------  T H R E A D  ---------------

Current thread (0x0000021a34a9ecc0):  VMThread "VM Thread"          [id=20840, stack(0x00000086eea00000,0x00000086eeb00000) (1024K)]

Stack: [0x00000086eea00000,0x00000086eeb00000]
Native frames: (J=compiled Java code, j=interpreted, Vv=VM code, C=native code)
V  [jvm.dll+0x6cae19]
V  [jvm.dll+0x855741]
V  [jvm.dll+0x857c6e]
V  [jvm.dll+0x858343]
V  [jvm.dll+0x27e0b6]
V  [jvm.dll+0x6c7595]
V  [jvm.dll+0x6bc0fa]
V  [jvm.dll+0x353eaa]
V  [jvm.dll+0x35bb26]
V  [jvm.dll+0x3ae52e]
V  [jvm.dll+0x3ae7d8]
V  [jvm.dll+0x3281bc]
V  [jvm.dll+0x328247]
V  [jvm.dll+0x36cbcc]
V  [jvm.dll+0x36b41e]
V  [jvm.dll+0x327981]
V  [jvm.dll+0x32b246]
V  [jvm.dll+0x3804d6]
V  [jvm.dll+0x85e110]
V  [jvm.dll+0x85f494]
V  [jvm.dll+0x85f9d0]
V  [jvm.dll+0x85fc73]
V  [jvm.dll+0x7ffa1b]
V  [jvm.dll+0x6c94fd]
C  [ucrtbase.dll+0x37b0]
C  [KERNEL32.DLL+0x2e8d7]
C  [ntdll.dll+0x3c34c]

VM_Operation (0x00000086f04f85c0): CollectForMetadataAllocation, mode: safepoint, requested by thread 0x0000021a7ba54b10


---------------  P R O C E S S  ---------------

Threads class SMR info:
_java_thread_list=0x0000021a7db24d20, length=32, elements={
0x0000021a0b9384e0, 0x0000021a34ab9c00, 0x0000021a34aba750, 0x0000021a34abb3a0,
0x0000021a34abdf00, 0x0000021a34abe950, 0x0000021a34abf3a0, 0x0000021a34ac2130,
0x0000021a7a150830, 0x0000021a7a1a6210, 0x0000021a7a3cc2d0, 0x0000021a7b126370,
0x0000021a7af2e8f0, 0x0000021a7a2ee220, 0x0000021a7b1a6430, 0x0000021a7a581940,
0x0000021a7ba654b0, 0x0000021a7ba54b10, 0x0000021a7ba58010, 0x0000021a7ba586c0,
0x0000021a7ba5bb40, 0x0000021a7ba593e0, 0x0000021a7ba59a70, 0x0000021a7ba5a790,
0x0000021a7ba5ae20, 0x0000021a7ba58d50, 0x0000021a7e76bc70, 0x0000021a7e76d020,
0x0000021a7e769ba0, 0x0000021a7e76a230, 0x0000021a7e76af50, 0x0000021a7e76a8c0
}

Java Threads: ( => current thread )
  0x0000021a0b9384e0 JavaThread "main"                              [_thread_blocked, id=36768, stack(0x00000086ee300000,0x00000086ee400000) (1024K)]
  0x0000021a34ab9c00 JavaThread "Reference Handler"          daemon [_thread_blocked, id=2752, stack(0x00000086eeb00000,0x00000086eec00000) (1024K)]
  0x0000021a34aba750 JavaThread "Finalizer"                  daemon [_thread_blocked, id=31272, stack(0x00000086eec00000,0x00000086eed00000) (1024K)]
  0x0000021a34abb3a0 JavaThread "Signal Dispatcher"          daemon [_thread_blocked, id=43040, stack(0x00000086eed00000,0x00000086eee00000) (1024K)]
  0x0000021a34abdf00 JavaThread "Attach Listener"            daemon [_thread_blocked, id=23308, stack(0x00000086eee00000,0x00000086eef00000) (1024K)]
  0x0000021a34abe950 JavaThread "Service Thread"             daemon [_thread_blocked, id=39732, stack(0x00000086eef00000,0x00000086ef000000) (1024K)]
  0x0000021a34abf3a0 JavaThread "Monitor Deflation Thread"   daemon [_thread_blocked, id=41588, stack(0x00000086ef000000,0x00000086ef100000) (1024K)]
  0x0000021a34ac2130 JavaThread "C2 CompilerThread0"         daemon [_thread_blocked, id=19636, stack(0x00000086ef100000,0x00000086ef200000) (1024K)]
  0x0000021a7a150830 JavaThread "C1 CompilerThread0"         daemon [_thread_blocked, id=37360, stack(0x00000086ef200000,0x00000086ef300000) (1024K)]
  0x0000021a7a1a6210 JavaThread "Common-Cleaner"             daemon [_thread_blocked, id=45972, stack(0x00000086ef300000,0x00000086ef400000) (1024K)]
  0x0000021a7a3cc2d0 JavaThread "Notification Thread"        daemon [_thread_blocked, id=37580, stack(0x00000086ef400000,0x00000086ef500000) (1024K)]
  0x0000021a7b126370 JavaThread "Daemon health stats"               [_thread_blocked, id=31228, stack(0x00000086efe00000,0x00000086eff00000) (1024K)]
  0x0000021a7af2e8f0 JavaThread "Incoming local TCP Connector on port 56750"        [_thread_in_native, id=28384, stack(0x00000086eff00000,0x00000086f0000000) (1024K)]
  0x0000021a7a2ee220 JavaThread "Daemon periodic checks"            [_thread_blocked, id=28684, stack(0x00000086f0000000,0x00000086f0100000) (1024K)]
  0x0000021a7b1a6430 JavaThread "Daemon"                            [_thread_blocked, id=2824, stack(0x00000086f0100000,0x00000086f0200000) (1024K)]
  0x0000021a7a581940 JavaThread "Handler for socket connection from /127.0.0.1:56750 to /127.0.0.1:56751"        [_thread_in_native, id=13420, stack(0x00000086f0200000,0x00000086f0300000) (1024K)]
  0x0000021a7ba654b0 JavaThread "Cancel handler"                    [_thread_blocked, id=33944, stack(0x00000086f0300000,0x00000086f0400000) (1024K)]
  0x0000021a7ba54b10 JavaThread "Daemon worker"                     [_thread_blocked, id=21660, stack(0x00000086f0400000,0x00000086f0500000) (1024K)]
  0x0000021a7ba58010 JavaThread "Asynchronous log dispatcher for DefaultDaemonConnection: socket connection from /127.0.0.1:56750 to /127.0.0.1:56751"        [_thread_blocked, id=21184, stack(0x00000086f0500000,0x00000086f0600000) (1024K)]
  0x0000021a7ba586c0 JavaThread "Stdin handler"                     [_thread_blocked, id=17924, stack(0x00000086f0600000,0x00000086f0700000) (1024K)]
  0x0000021a7ba5bb40 JavaThread "Daemon client event forwarder"        [_thread_blocked, id=44208, stack(0x00000086f0700000,0x00000086f0800000) (1024K)]
  0x0000021a7ba593e0 JavaThread "Cache worker for journal cache (C:\Users\pankajk\.gradle\caches\journal-1)"        [_thread_blocked, id=21464, stack(0x00000086f0800000,0x00000086f0900000) (1024K)]
  0x0000021a7ba59a70 JavaThread "File lock request listener"        [_thread_in_native, id=33912, stack(0x00000086f0900000,0x00000086f0a00000) (1024K)]
  0x0000021a7ba5a790 JavaThread "Cache worker for file hash cache (C:\Users\pankajk\.gradle\caches\8.14.3\fileHashes)"        [_thread_blocked, id=26976, stack(0x00000086f0b00000,0x00000086f0c00000) (1024K)]
  0x0000021a7ba5ae20 JavaThread "Cache worker for file hash cache (C:\Users\pankajk\SchoolManagementApplication\student-service\.gradle\8.14.3\fileHashes)"        [_thread_blocked, id=7688, stack(0x00000086f0e00000,0x00000086f0f00000) (1024K)]
  0x0000021a7ba58d50 JavaThread "Cache worker for Build Output Cleanup Cache (C:\Users\pankajk\SchoolManagementApplication\student-service\.gradle\buildOutputCleanup)"        [_thread_blocked, id=1856, stack(0x00000086f0f00000,0x00000086f1000000) (1024K)]
  0x0000021a7e76bc70 JavaThread "File watcher server"        daemon [_thread_in_native, id=38928, stack(0x00000086f1000000,0x00000086f1100000) (1024K)]
  0x0000021a7e76d020 JavaThread "File watcher consumer"      daemon [_thread_blocked, id=14852, stack(0x00000086f1100000,0x00000086f1200000) (1024K)]
  0x0000021a7e769ba0 JavaThread "jar transforms"                    [_thread_blocked, id=25648, stack(0x00000086ee200000,0x00000086ee300000) (1024K)]
  0x0000021a7e76a230 JavaThread "jar transforms Thread 2"           [_thread_blocked, id=38048, stack(0x00000086f1200000,0x00000086f1300000) (1024K)]
  0x0000021a7e76af50 JavaThread "Cache worker for checksums cache (C:\Users\pankajk\SchoolManagementApplication\student-service\.gradle\8.14.3\checksums)"        [_thread_blocked, id=30540, stack(0x00000086f0a00000,0x00000086f0b00000) (1024K)]
  0x0000021a7e76a8c0 JavaThread "Cache worker for file content cache (C:\Users\pankajk\.gradle\caches\8.14.3\fileContent)"        [_thread_blocked, id=42456, stack(0x00000086f1300000,0x00000086f1400000) (1024K)]
Total: 32

Other Threads:
=>0x0000021a34a9ecc0 VMThread "VM Thread"                           [id=20840, stack(0x00000086eea00000,0x00000086eeb00000) (1024K)]
  0x0000021a34a8e670 WatcherThread "VM Periodic Task Thread"        [id=9672, stack(0x00000086ee900000,0x00000086eea00000) (1024K)]
  0x0000021a0dc2a5f0 WorkerThread "GC Thread#0"                     [id=38524, stack(0x00000086ee400000,0x00000086ee500000) (1024K)]
  0x0000021a7a508840 WorkerThread "GC Thread#1"                     [id=31268, stack(0x00000086ef500000,0x00000086ef600000) (1024K)]
  0x0000021a7ac2e940 WorkerThread "GC Thread#2"                     [id=30548, stack(0x00000086ef600000,0x00000086ef700000) (1024K)]
  0x0000021a7aa34bb0 WorkerThread "GC Thread#3"                     [id=39076, stack(0x00000086ef700000,0x00000086ef800000) (1024K)]
  0x0000021a7aa34f50 WorkerThread "GC Thread#4"                     [id=35044, stack(0x00000086ef800000,0x00000086ef900000) (1024K)]
  0x0000021a7aa352f0 WorkerThread "GC Thread#5"                     [id=14752, stack(0x00000086ef900000,0x00000086efa00000) (1024K)]
  0x0000021a7a72e090 WorkerThread "GC Thread#6"                     [id=31924, stack(0x00000086efa00000,0x00000086efb00000) (1024K)]
  0x0000021a7a72e430 WorkerThread "GC Thread#7"                     [id=14460, stack(0x00000086efb00000,0x00000086efc00000) (1024K)]
  0x0000021a7a72e7d0 WorkerThread "GC Thread#8"                     [id=19036, stack(0x00000086efc00000,0x00000086efd00000) (1024K)]
  0x0000021a7a72eb70 WorkerThread "GC Thread#9"                     [id=3836, stack(0x00000086efd00000,0x00000086efe00000) (1024K)]
  0x0000021a0dc35750 ConcurrentGCThread "G1 Main Marker"            [id=320, stack(0x00000086ee500000,0x00000086ee600000) (1024K)]
  0x0000021a0dc36000 WorkerThread "G1 Conc#0"                       [id=4852, stack(0x00000086ee600000,0x00000086ee700000) (1024K)]
  0x0000021a7b07a240 WorkerThread "G1 Conc#1"                       [id=38240, stack(0x00000086f0c00000,0x00000086f0d00000) (1024K)]
  0x0000021a7b07a980 WorkerThread "G1 Conc#2"                       [id=46032, stack(0x00000086f0d00000,0x00000086f0e00000) (1024K)]
  0x0000021a34951e10 ConcurrentGCThread "G1 Refine#0"               [id=45668, stack(0x00000086ee700000,0x00000086ee800000) (1024K)]
  0x0000021a34954740 ConcurrentGCThread "G1 Service"                [id=27212, stack(0x00000086ee800000,0x00000086ee900000) (1024K)]
Total: 18

Threads with active compile tasks:
C2 CompilerThread0   189739 4786       4       jdk.internal.org.objectweb.asm.Frame::setInputFrameFromDescriptor (175 bytes)
Total: 1

VM state: at safepoint (normal execution)

VM Mutex/Monitor currently owned by a thread:  ([mutex/lock_event])
[0x00007ffe3de6de50] Threads_lock - owner thread: 0x0000021a34a9ecc0
[0x00007ffe3de6df50] Heap_lock - owner thread: 0x0000021a7ba54b10

Heap address: 0x0000000570800000, size: 10488 MB, Compressed Oops mode: Zero based, Oop shift amount: 3

CDS archive(s) mapped at: [0x0000021a35000000-0x0000021a35c90000-0x0000021a35c90000), size 13172736, SharedBaseAddress: 0x0000021a35000000, ArchiveRelocationMode: 1.
Compressed class space mapped at: 0x0000021a36000000-0x0000021a76000000, reserved size: 1073741824
Narrow klass base: 0x0000021a35000000, Narrow klass shift: 0, Narrow klass range: 0x100000000

GC Precious Log:
 CardTable entry size: 512
 Card Set container configuration: InlinePtr #cards 4 size 8 Array Of Cards #cards 64 size 144 Howl #buckets 8 coarsen threshold 14745 Howl Bitmap #cards 2048 size 272 coarsen threshold 1843 Card regions per heap region 1 cards per card region 16384
 CPUs: 12 total, 12 available
 Memory: 16068M
 Large Page Support: Disabled
 NUMA Support: Disabled
 Compressed Oops: Enabled (Zero based)
 Heap Region Size: 8M
 Heap Min Capacity: 768M
 Heap Initial Capacity: 768M
 Heap Max Capacity: 10488M
 Pre-touch: Disabled
 Parallel Workers: 10
 Concurrent Workers: 3
 Concurrent Refinement Workers: 10
 Periodic GC: Disabled

Heap:
 garbage-first heap   total 786432K, used 31875K [0x0000000570800000, 0x0000000800000000)
  region size 8192K, 1 young (8192K), 1 survivors (8192K)
 Metaspace       used 35369K, committed 36416K, reserved 1114112K
  class space    used 4815K, committed 5376K, reserved 1048576K

Heap Regions: E=young(eden), S=young(survivor), O=old, HS=humongous(starts), HC=humongous(continues), CS=collection set, F=free, TAMS=top-at-mark-start, PB=parsable bottom
|   0|0x0000000570800000, 0x0000000570800000, 0x0000000571000000|  0%| F|  |TAMS 0x0000000570800000| PB 0x0000000570800000| Untracked 
|   1|0x0000000571000000, 0x0000000571800000, 0x0000000571800000|100%| O|  |TAMS 0x0000000571800000| PB 0x0000000571000000| Untracked 
|   2|0x0000000571800000, 0x0000000572000000, 0x0000000572000000|100%| O|  |TAMS 0x0000000572000000| PB 0x0000000571800000| Untracked 
|   3|0x0000000572000000, 0x0000000572800000, 0x0000000572800000|100%| O|  |TAMS 0x0000000572800000| PB 0x0000000572000000| Untracked 
|   4|0x0000000572800000, 0x0000000572e5ff98, 0x0000000573000000| 79%| O|  |TAMS 0x0000000572e5ff98| PB 0x0000000572800000| Untracked 
|   5|0x0000000573000000, 0x0000000573000000, 0x0000000573800000|  0%| F|  |TAMS 0x0000000573000000| PB 0x0000000573000000| Untracked 
|   6|0x0000000573800000, 0x0000000573800000, 0x0000000574000000|  0%| F|  |TAMS 0x0000000573800000| PB 0x0000000573800000| Untracked 
|   7|0x0000000574000000, 0x0000000574000000, 0x0000000574800000|  0%| F|  |TAMS 0x0000000574000000| PB 0x0000000574000000| Untracked 
|   8|0x0000000574800000, 0x0000000574800000, 0x0000000575000000|  0%| F|  |TAMS 0x0000000574800000| PB 0x0000000574800000| Untracked 
|   9|0x0000000575000000, 0x0000000575000000, 0x0000000575800000|  0%| F|  |TAMS 0x0000000575000000| PB 0x0000000575000000| Untracked 
|  10|0x0000000575800000, 0x0000000575800000, 0x0000000576000000|  0%| F|  |TAMS 0x0000000575800000| PB 0x0000000575800000| Untracked 
|  11|0x0000000576000000, 0x0000000576000000, 0x0000000576800000|  0%| F|  |TAMS 0x0000000576000000| PB 0x0000000576000000| Untracked 
|  12|0x0000000576800000, 0x0000000576800000, 0x0000000577000000|  0%| F|  |TAMS 0x0000000576800000| PB 0x0000000576800000| Untracked 
|  13|0x0000000577000000, 0x0000000577000000, 0x0000000577800000|  0%| F|  |TAMS 0x0000000577000000| PB 0x0000000577000000| Untracked 
|  14|0x0000000577800000, 0x0000000577800000, 0x0000000578000000|  0%| F|  |TAMS 0x0000000577800000| PB 0x0000000577800000| Untracked 
|  15|0x0000000578000000, 0x0000000578000000, 0x0000000578800000|  0%| F|  |TAMS 0x0000000578000000| PB 0x0000000578000000| Untracked 
|  16|0x0000000578800000, 0x0000000578800000, 0x0000000579000000|  0%| F|  |TAMS 0x0000000578800000| PB 0x0000000578800000| Untracked 
|  17|0x0000000579000000, 0x0000000579000000, 0x0000000579800000|  0%| F|  |TAMS 0x0000000579000000| PB 0x0000000579000000| Untracked 
|  18|0x0000000579800000, 0x0000000579800000, 0x000000057a000000|  0%| F|  |TAMS 0x0000000579800000| PB 0x0000000579800000| Untracked 
|  19|0x000000057a000000, 0x000000057a000000, 0x000000057a800000|  0%| F|  |TAMS 0x000000057a000000| PB 0x000000057a000000| Untracked 
|  20|0x000000057a800000, 0x000000057a800000, 0x000000057b000000|  0%| F|  |TAMS 0x000000057a800000| PB 0x000000057a800000| Untracked 
|  21|0x000000057b000000, 0x000000057b000000, 0x000000057b800000|  0%| F|  |TAMS 0x000000057b000000| PB 0x000000057b000000| Untracked 
|  22|0x000000057b800000, 0x000000057b800000, 0x000000057c000000|  0%| F|  |TAMS 0x000000057b800000| PB 0x000000057b800000| Untracked 
|  23|0x000000057c000000, 0x000000057c000000, 0x000000057c800000|  0%| F|  |TAMS 0x000000057c000000| PB 0x000000057c000000| Untracked 
|  24|0x000000057c800000, 0x000000057c800000, 0x000000057d000000|  0%| F|  |TAMS 0x000000057c800000| PB 0x000000057c800000| Untracked 
|  25|0x000000057d000000, 0x000000057d000000, 0x000000057d800000|  0%| F|  |TAMS 0x000000057d000000| PB 0x000000057d000000| Untracked 
|  26|0x000000057d800000, 0x000000057d800000, 0x000000057e000000|  0%| F|  |TAMS 0x000000057d800000| PB 0x000000057d800000| Untracked 
|  27|0x000000057e000000, 0x000000057e000000, 0x000000057e800000|  0%| F|  |TAMS 0x000000057e000000| PB 0x000000057e000000| Untracked 
|  28|0x000000057e800000, 0x000000057e800000, 0x000000057f000000|  0%| F|  |TAMS 0x000000057e800000| PB 0x000000057e800000| Untracked 
|  29|0x000000057f000000, 0x000000057f000000, 0x000000057f800000|  0%| F|  |TAMS 0x000000057f000000| PB 0x000000057f000000| Untracked 
|  30|0x000000057f800000, 0x000000057f800000, 0x0000000580000000|  0%| F|  |TAMS 0x000000057f800000| PB 0x000000057f800000| Untracked 
|  31|0x0000000580000000, 0x0000000580000000, 0x0000000580800000|  0%| F|  |TAMS 0x0000000580000000| PB 0x0000000580000000| Untracked 
|  32|0x0000000580800000, 0x0000000580800000, 0x0000000581000000|  0%| F|  |TAMS 0x0000000580800000| PB 0x0000000580800000| Untracked 
|  33|0x0000000581000000, 0x0000000581000000, 0x0000000581800000|  0%| F|  |TAMS 0x0000000581000000| PB 0x0000000581000000| Untracked 
|  34|0x0000000581800000, 0x0000000581800000, 0x0000000582000000|  0%| F|  |TAMS 0x0000000581800000| PB 0x0000000581800000| Untracked 
|  35|0x0000000582000000, 0x0000000582000000, 0x0000000582800000|  0%| F|  |TAMS 0x0000000582000000| PB 0x0000000582000000| Untracked 
|  36|0x0000000582800000, 0x0000000582800000, 0x0000000583000000|  0%| F|  |TAMS 0x0000000582800000| PB 0x0000000582800000| Untracked 
|  37|0x0000000583000000, 0x0000000583000000, 0x0000000583800000|  0%| F|  |TAMS 0x0000000583000000| PB 0x0000000583000000| Untracked 
|  38|0x0000000583800000, 0x0000000583800000, 0x0000000584000000|  0%| F|  |TAMS 0x0000000583800000| PB 0x0000000583800000| Untracked 
|  39|0x0000000584000000, 0x0000000584000000, 0x0000000584800000|  0%| F|  |TAMS 0x0000000584000000| PB 0x0000000584000000| Untracked 
|  40|0x0000000584800000, 0x0000000584800000, 0x0000000585000000|  0%| F|  |TAMS 0x0000000584800000| PB 0x0000000584800000| Untracked 
|  41|0x0000000585000000, 0x0000000585000000, 0x0000000585800000|  0%| F|  |TAMS 0x0000000585000000| PB 0x0000000585000000| Untracked 
|  42|0x0000000585800000, 0x0000000585800000, 0x0000000586000000|  0%| F|  |TAMS 0x0000000585800000| PB 0x0000000585800000| Untracked 
|  43|0x0000000586000000, 0x0000000586000000, 0x0000000586800000|  0%| F|  |TAMS 0x0000000586000000| PB 0x0000000586000000| Untracked 
|  44|0x0000000586800000, 0x0000000586800000, 0x0000000587000000|  0%| F|  |TAMS 0x0000000586800000| PB 0x0000000586800000| Untracked 
|  45|0x0000000587000000, 0x0000000587000000, 0x0000000587800000|  0%| F|  |TAMS 0x0000000587000000| PB 0x0000000587000000| Untracked 
|  46|0x0000000587800000, 0x0000000587800000, 0x0000000588000000|  0%| F|  |TAMS 0x0000000587800000| PB 0x0000000587800000| Untracked 
|  47|0x0000000588000000, 0x0000000588000000, 0x0000000588800000|  0%| F|  |TAMS 0x0000000588000000| PB 0x0000000588000000| Untracked 
|  48|0x0000000588800000, 0x0000000588800000, 0x0000000589000000|  0%| F|  |TAMS 0x0000000588800000| PB 0x0000000588800000| Untracked 
|  49|0x0000000589000000, 0x0000000589000000, 0x0000000589800000|  0%| F|  |TAMS 0x0000000589000000| PB 0x0000000589000000| Untracked 
|  50|0x0000000589800000, 0x0000000589800000, 0x000000058a000000|  0%| F|  |TAMS 0x0000000589800000| PB 0x0000000589800000| Untracked 
|  51|0x000000058a000000, 0x000000058a000000, 0x000000058a800000|  0%| F|  |TAMS 0x000000058a000000| PB 0x000000058a000000| Untracked 
|  52|0x000000058a800000, 0x000000058a800000, 0x000000058b000000|  0%| F|  |TAMS 0x000000058a800000| PB 0x000000058a800000| Untracked 
|  53|0x000000058b000000, 0x000000058b000000, 0x000000058b800000|  0%| F|  |TAMS 0x000000058b000000| PB 0x000000058b000000| Untracked 
|  54|0x000000058b800000, 0x000000058b800000, 0x000000058c000000|  0%| F|  |TAMS 0x000000058b800000| PB 0x000000058b800000| Untracked 
|  55|0x000000058c000000, 0x000000058c000000, 0x000000058c800000|  0%| F|  |TAMS 0x000000058c000000| PB 0x000000058c000000| Untracked 
|  56|0x000000058c800000, 0x000000058c800000, 0x000000058d000000|  0%| F|  |TAMS 0x000000058c800000| PB 0x000000058c800000| Untracked 
|  57|0x000000058d000000, 0x000000058d000000, 0x000000058d800000|  0%| F|  |TAMS 0x000000058d000000| PB 0x000000058d000000| Untracked 
|  58|0x000000058d800000, 0x000000058d800000, 0x000000058e000000|  0%| F|  |TAMS 0x000000058d800000| PB 0x000000058d800000| Untracked 
|  59|0x000000058e000000, 0x000000058e000000, 0x000000058e800000|  0%| F|  |TAMS 0x000000058e000000| PB 0x000000058e000000| Untracked 
|  60|0x000000058e800000, 0x000000058e800000, 0x000000058f000000|  0%| F|  |TAMS 0x000000058e800000| PB 0x000000058e800000| Untracked 
|  61|0x000000058f000000, 0x000000058f000000, 0x000000058f800000|  0%| F|  |TAMS 0x000000058f000000| PB 0x000000058f000000| Untracked 
|  62|0x000000058f800000, 0x000000058f800000, 0x0000000590000000|  0%| F|  |TAMS 0x000000058f800000| PB 0x000000058f800000| Untracked 
|  63|0x0000000590000000, 0x0000000590000000, 0x0000000590800000|  0%| F|  |TAMS 0x0000000590000000| PB 0x0000000590000000| Untracked 
|  64|0x0000000590800000, 0x0000000590800000, 0x0000000591000000|  0%| F|  |TAMS 0x0000000590800000| PB 0x0000000590800000| Untracked 
|  65|0x0000000591000000, 0x0000000591000000, 0x0000000591800000|  0%| F|  |TAMS 0x0000000591000000| PB 0x0000000591000000| Untracked 
|  66|0x0000000591800000, 0x0000000591800000, 0x0000000592000000|  0%| F|  |TAMS 0x0000000591800000| PB 0x0000000591800000| Untracked 
|  67|0x0000000592000000, 0x0000000592000000, 0x0000000592800000|  0%| F|  |TAMS 0x0000000592000000| PB 0x0000000592000000| Untracked 
|  68|0x0000000592800000, 0x0000000592800000, 0x0000000593000000|  0%| F|  |TAMS 0x0000000592800000| PB 0x0000000592800000| Untracked 
|  69|0x0000000593000000, 0x0000000593000000, 0x0000000593800000|  0%| F|  |TAMS 0x0000000593000000| PB 0x0000000593000000| Untracked 
|  70|0x0000000593800000, 0x0000000593800000, 0x0000000594000000|  0%| F|  |TAMS 0x0000000593800000| PB 0x0000000593800000| Untracked 
|  71|0x0000000594000000, 0x0000000594000000, 0x0000000594800000|  0%| F|  |TAMS 0x0000000594000000| PB 0x0000000594000000| Untracked 
|  72|0x0000000594800000, 0x0000000594800000, 0x0000000595000000|  0%| F|  |TAMS 0x0000000594800000| PB 0x0000000594800000| Untracked 
|  73|0x0000000595000000, 0x0000000595000000, 0x0000000595800000|  0%| F|  |TAMS 0x0000000595000000| PB 0x0000000595000000| Untracked 
|  74|0x0000000595800000, 0x0000000595800000, 0x0000000596000000|  0%| F|  |TAMS 0x0000000595800000| PB 0x0000000595800000| Untracked 
|  75|0x0000000596000000, 0x0000000596000000, 0x0000000596800000|  0%| F|  |TAMS 0x0000000596000000| PB 0x0000000596000000| Untracked 
|  76|0x0000000596800000, 0x0000000596800000, 0x0000000597000000|  0%| F|  |TAMS 0x0000000596800000| PB 0x0000000596800000| Untracked 
|  77|0x0000000597000000, 0x0000000597000000, 0x0000000597800000|  0%| F|  |TAMS 0x0000000597000000| PB 0x0000000597000000| Untracked 
|  78|0x0000000597800000, 0x0000000597800000, 0x0000000598000000|  0%| F|  |TAMS 0x0000000597800000| PB 0x0000000597800000| Untracked 
|  79|0x0000000598000000, 0x0000000598000000, 0x0000000598800000|  0%| F|  |TAMS 0x0000000598000000| PB 0x0000000598000000| Untracked 
|  80|0x0000000598800000, 0x0000000598800000, 0x0000000599000000|  0%| F|  |TAMS 0x0000000598800000| PB 0x0000000598800000| Untracked 
|  81|0x0000000599000000, 0x0000000599000000, 0x0000000599800000|  0%| F|  |TAMS 0x0000000599000000| PB 0x0000000599000000| Untracked 
|  82|0x0000000599800000, 0x0000000599800000, 0x000000059a000000|  0%| F|  |TAMS 0x0000000599800000| PB 0x0000000599800000| Untracked 
|  83|0x000000059a000000, 0x000000059a000000, 0x000000059a800000|  0%| F|  |TAMS 0x000000059a000000| PB 0x000000059a000000| Untracked 
|  84|0x000000059a800000, 0x000000059a800000, 0x000000059b000000|  0%| F|  |TAMS 0x000000059a800000| PB 0x000000059a800000| Untracked 
|  85|0x000000059b000000, 0x000000059b000000, 0x000000059b800000|  0%| F|  |TAMS 0x000000059b000000| PB 0x000000059b000000| Untracked 
|  86|0x000000059b800000, 0x000000059b800000, 0x000000059c000000|  0%| F|  |TAMS 0x000000059b800000| PB 0x000000059b800000| Untracked 
|  87|0x000000059c000000, 0x000000059c000000, 0x000000059c800000|  0%| F|  |TAMS 0x000000059c000000| PB 0x000000059c000000| Untracked 
|  88|0x000000059c800000, 0x000000059c800000, 0x000000059d000000|  0%| F|  |TAMS 0x000000059c800000| PB 0x000000059c800000| Untracked 
|  89|0x000000059d000000, 0x000000059d000000, 0x000000059d800000|  0%| F|  |TAMS 0x000000059d000000| PB 0x000000059d000000| Untracked 
|  90|0x000000059d800000, 0x000000059d800000, 0x000000059e000000|  0%| F|  |TAMS 0x000000059d800000| PB 0x000000059d800000| Untracked 
|  91|0x000000059e000000, 0x000000059e000000, 0x000000059e800000|  0%| F|  |TAMS 0x000000059e000000| PB 0x000000059e000000| Untracked 
|  92|0x000000059e800000, 0x000000059e800000, 0x000000059f000000|  0%| F|  |TAMS 0x000000059e800000| PB 0x000000059e800000| Untracked 
|  93|0x000000059f000000, 0x000000059f0c0f80, 0x000000059f800000|  9%| S|CS|TAMS 0x000000059f000000| PB 0x000000059f000000| Complete 
|  94|0x000000059f800000, 0x000000059f800000, 0x00000005a0000000|  0%| F|  |TAMS 0x000000059f800000| PB 0x000000059f800000| Untracked 
|  95|0x00000005a0000000, 0x00000005a0000000, 0x00000005a0800000|  0%| F|  |TAMS 0x00000005a0000000| PB 0x00000005a0000000| Untracked 

Card table byte_map: [0x0000021a26a00000,0x0000021a27e80000] _byte_map_base: 0x0000021a23e7c000

Marking Bits: (CMBitMap*) 0x0000021a0dc2aaa0
 Bits: [0x0000021a27e80000, 0x0000021a32260000)

Polling page: 0x0000021a0bab0000

Metaspace:

Usage:
  Non-class:     29.84 MB used.
      Class:      4.70 MB used.
       Both:     34.54 MB used.

Virtual space:
  Non-class space:       64.00 MB reserved,      30.31 MB ( 47%) committed,  1 nodes.
      Class space:        1.00 GB reserved,       5.25 MB ( <1%) committed,  1 nodes.
             Both:        1.06 GB reserved,      35.56 MB (  3%) committed. 

Chunk freelists:
   Non-Class:  768.00 KB
       Class:  10.71 MB
        Both:  11.46 MB

MaxMetaspaceSize: unlimited
CompressedClassSpaceSize: 1.00 GB
Initial GC threshold: 21.00 MB
Current GC threshold: 35.56 MB
CDS: on
 - commit_granule_bytes: 65536.
 - commit_granule_words: 8192.
 - virtual_space_node_default_size: 8388608.
 - enlarge_chunks_in_place: 1.
 - use_allocation_guard: 0.


Internal statistics:

num_allocs_failed_limit: 9.
num_arena_births: 1750.
num_arena_deaths: 0.
num_vsnodes_births: 2.
num_vsnodes_deaths: 0.
num_space_committed: 569.
num_space_uncommitted: 0.
num_chunks_returned_to_freelist: 9.
num_chunks_taken_from_freelist: 3229.
num_chunk_merges: 9.
num_chunk_splits: 2104.
num_chunks_enlarged: 1334.
num_inconsistent_stats: 0.

CodeHeap 'non-profiled nmethods': size=120000Kb used=2894Kb max_used=2894Kb free=117105Kb
 bounds [0x0000021a1daf0000, 0x0000021a1ddd0000, 0x0000021a25020000]
CodeHeap 'profiled nmethods': size=120000Kb used=9567Kb max_used=9567Kb free=110432Kb
 bounds [0x0000021a16020000, 0x0000021a16980000, 0x0000021a1d550000]
CodeHeap 'non-nmethods': size=5760Kb used=2675Kb max_used=2716Kb free=3084Kb
 bounds [0x0000021a1d550000, 0x0000021a1d800000, 0x0000021a1daf0000]
 total_blobs=5602 nmethods=4785 adapters=721
 compilation: enabled
              stopped_count=0, restarted_count=0
 full_count=0

Compilation events (20 events):
Event: 188.913 Thread 0x0000021a7a150830 nmethod 4774 0x0000021a16971910 code [0x0000021a16971ae0, 0x0000021a16971ee0]
Event: 188.913 Thread 0x0000021a7a150830 4778  s    3       java.beans.MethodDescriptor::setParams (74 bytes)
Event: 188.914 Thread 0x0000021a7a150830 nmethod 4778 0x0000021a16972090 code [0x0000021a169722e0, 0x0000021a16972f10]
Event: 188.914 Thread 0x0000021a7a150830 4775       3       java.beans.MethodDescriptor::<init> (7 bytes)
Event: 188.914 Thread 0x0000021a7a150830 nmethod 4775 0x0000021a16973290 code [0x0000021a16973440, 0x0000021a16973588]
Event: 188.914 Thread 0x0000021a7a150830 4779       3       sun.reflect.generics.repository.GenericDeclRepository::getTypeParameters (27 bytes)
Event: 188.915 Thread 0x0000021a7a150830 nmethod 4779 0x0000021a16973610 code [0x0000021a169737e0, 0x0000021a16973bb0]
Event: 188.915 Thread 0x0000021a7a150830 4776       3       java.beans.MethodDescriptor::<init> (48 bytes)
Event: 188.915 Thread 0x0000021a7a150830 nmethod 4776 0x0000021a16973c90 code [0x0000021a16973ea0, 0x0000021a16974568]
Event: 188.915 Thread 0x0000021a7a150830 4777  s    3       java.beans.MethodDescriptor::setMethod (41 bytes)
Event: 188.917 Thread 0x0000021a7a150830 nmethod 4777 0x0000021a16974790 code [0x0000021a16974b00, 0x0000021a16976258]
Event: 189.220 Thread 0x0000021a34ac2130 4780       4       java.lang.invoke.MethodType::makeImpl (109 bytes)
Event: 189.439 Thread 0x0000021a34ac2130 nmethod 4780 0x0000021a1ddb8d90 code [0x0000021a1ddb95e0, 0x0000021a1ddbffe0]
Event: 189.533 Thread 0x0000021a7a150830 4782       3       java.lang.invoke.MethodHandleStatics::traceLambdaForm (96 bytes)
Event: 189.533 Thread 0x0000021a7a150830 nmethod 4782 0x0000021a16976910 code [0x0000021a16976ac0, 0x0000021a16976c28]
Event: 189.534 Thread 0x0000021a34ac2130 4786       4       jdk.internal.org.objectweb.asm.Frame::setInputFrameFromDescriptor (175 bytes)
Event: 189.551 Thread 0x0000021a7a150830 4787       3       groovy.lang.MetaClassImpl$Index::getNotNull (32 bytes)
Event: 189.551 Thread 0x0000021a7a150830 nmethod 4787 0x0000021a16976d10 code [0x0000021a16976f00, 0x0000021a169775b8]
Event: 189.567 Thread 0x0000021a7a150830 4788       3       java.lang.reflect.Field::<init> (50 bytes)
Event: 189.568 Thread 0x0000021a7a150830 nmethod 4788 0x0000021a16977790 code [0x0000021a16977960, 0x0000021a16977d40]

GC Heap History (13 events):
Event: 3.279 GC heap before
{Heap before GC invocations=0 (full 0):
 garbage-first heap   total 786432K, used 24576K [0x0000000570800000, 0x0000000800000000)
  region size 8192K, 4 young (32768K), 0 survivors (0K)
 Metaspace       used 1176K, committed 1280K, reserved 1114112K
  class space    used 77K, committed 128K, reserved 1048576K
}
Event: 3.324 GC heap after
{Heap after GC invocations=1 (full 0):
 garbage-first heap   total 786432K, used 6044K [0x0000000570800000, 0x0000000800000000)
  region size 8192K, 1 young (8192K), 1 survivors (8192K)
 Metaspace       used 1176K, committed 1280K, reserved 1114112K
  class space    used 77K, committed 128K, reserved 1048576K
}
Event: 8.405 GC heap before
{Heap before GC invocations=1 (full 0):
 garbage-first heap   total 786432K, used 38812K [0x0000000570800000, 0x0000000800000000)
  region size 8192K, 5 young (40960K), 1 survivors (8192K)
 Metaspace       used 4390K, committed 4608K, reserved 1114112K
  class space    used 540K, committed 640K, reserved 1048576K
}
Event: 8.415 GC heap after
{Heap after GC invocations=2 (full 0):
 garbage-first heap   total 786432K, used 11094K [0x0000000570800000, 0x0000000800000000)
  region size 8192K, 1 young (8192K), 1 survivors (8192K)
 Metaspace       used 4390K, committed 4608K, reserved 1114112K
  class space    used 540K, committed 640K, reserved 1048576K
}
Event: 23.009 GC heap before
{Heap before GC invocations=2 (full 0):
 garbage-first heap   total 786432K, used 68438K [0x0000000570800000, 0x0000000800000000)
  region size 8192K, 8 young (65536K), 1 survivors (8192K)
 Metaspace       used 6387K, committed 6656K, reserved 1114112K
  class space    used 830K, committed 960K, reserved 1048576K
}
Event: 23.017 GC heap after
{Heap after GC invocations=3 (full 0):
 garbage-first heap   total 786432K, used 19480K [0x0000000570800000, 0x0000000800000000)
  region size 8192K, 1 young (8192K), 1 survivors (8192K)
 Metaspace       used 6387K, committed 6656K, reserved 1114112K
  class space    used 830K, committed 960K, reserved 1048576K
}
Event: 47.540 GC heap before
{Heap before GC invocations=3 (full 0):
 garbage-first heap   total 786432K, used 134168K [0x0000000570800000, 0x0000000800000000)
  region size 8192K, 16 young (131072K), 1 survivors (8192K)
 Metaspace       used 20906K, committed 21504K, reserved 1114112K
  class space    used 2988K, committed 3264K, reserved 1048576K
}
Event: 47.562 GC heap after
{Heap after GC invocations=4 (full 0):
 garbage-first heap   total 786432K, used 25591K [0x0000000570800000, 0x0000000800000000)
  region size 8192K, 2 young (16384K), 2 survivors (16384K)
 Metaspace       used 20906K, committed 21504K, reserved 1114112K
  class space    used 2988K, committed 3264K, reserved 1048576K
}
Event: 183.903 GC heap before
{Heap before GC invocations=5 (full 0):
 garbage-first heap   total 786432K, used 164855K [0x0000000570800000, 0x0000000800000000)
  region size 8192K, 20 young (163840K), 2 survivors (16384K)
 Metaspace       used 35011K, committed 36096K, reserved 1114112K
  class space    used 4784K, committed 5312K, reserved 1048576K
}
Event: 188.050 GC heap after
{Heap after GC invocations=6 (full 0):
 garbage-first heap   total 786432K, used 33988K [0x0000000570800000, 0x0000000800000000)
  region size 8192K, 3 young (24576K), 3 survivors (24576K)
 Metaspace       used 35011K, committed 36096K, reserved 1114112K
  class space    used 4784K, committed 5312K, reserved 1048576K
}
Event: 188.175 GC heap before
{Heap before GC invocations=6 (full 0):
 garbage-first heap   total 786432K, used 33988K [0x0000000570800000, 0x0000000800000000)
  region size 8192K, 4 young (32768K), 3 survivors (24576K)
 Metaspace       used 35012K, committed 36160K, reserved 1114112K
  class space    used 4785K, committed 5376K, reserved 1048576K
}
Event: 188.274 GC heap after
{Heap after GC invocations=7 (full 0):
 garbage-first heap   total 786432K, used 32030K [0x0000000570800000, 0x0000000800000000)
  region size 8192K, 1 young (8192K), 1 survivors (8192K)
 Metaspace       used 35012K, committed 36160K, reserved 1114112K
  class space    used 4785K, committed 5376K, reserved 1048576K
}
Event: 189.604 GC heap before
{Heap before GC invocations=7 (full 0):
 garbage-first heap   total 786432K, used 32030K [0x0000000570800000, 0x0000000800000000)
  region size 8192K, 2 young (16384K), 1 survivors (8192K)
 Metaspace       used 35369K, committed 36416K, reserved 1114112K
  class space    used 4815K, committed 5376K, reserved 1048576K
}

Dll operation events (15 events):
Event: 0.047 Loaded shared library C:\Program Files\Java\jdk-21\bin\java.dll
Event: 0.284 Loaded shared library C:\Program Files\Java\jdk-21\bin\jsvml.dll
Event: 0.626 Loaded shared library C:\Program Files\Java\jdk-21\bin\zip.dll
Event: 0.634 Loaded shared library C:\Program Files\Java\jdk-21\bin\instrument.dll
Event: 0.664 Loaded shared library C:\Program Files\Java\jdk-21\bin\net.dll
Event: 0.672 Loaded shared library C:\Program Files\Java\jdk-21\bin\nio.dll
Event: 0.682 Loaded shared library C:\Program Files\Java\jdk-21\bin\zip.dll
Event: 2.268 Loaded shared library C:\Program Files\Java\jdk-21\bin\jimage.dll
Event: 3.544 Loaded shared library C:\Program Files\Java\jdk-21\bin\verify.dll
Event: 4.637 Loaded shared library C:\Users\pankajk\.gradle\native\1def1411415f61bf3af743bc5b6707747c0891f09f0c88961ee8f79bc544acac\windows-amd64\native-platform.dll
Event: 5.408 Loaded shared library C:\Users\pankajk\.gradle\native\0.2.7\x86_64-windows-gnu\gradle-fileevents.dll
Event: 22.959 Loaded shared library C:\Program Files\Java\jdk-21\bin\management.dll
Event: 22.967 Loaded shared library C:\Program Files\Java\jdk-21\bin\management_ext.dll
Event: 26.349 Loaded shared library C:\Program Files\Java\jdk-21\bin\extnet.dll
Event: 28.633 Loaded shared library C:\Program Files\Java\jdk-21\bin\sunmscapi.dll

Deoptimization events (20 events):
Event: 188.278 Thread 0x0000021a7ba54b10 Uncommon trap: trap_request=0xfffffff4 fr.pc=0x0000021a1dc73b30 relative=0x0000000000005db0
Event: 188.278 Thread 0x0000021a7ba54b10 Uncommon trap: reason=null_check action=make_not_entrant pc=0x0000021a1dc73b30 method=java.lang.invoke.MethodType.equals(Ljava/lang/Object;)Z @ 39 c2
Event: 188.278 Thread 0x0000021a7ba54b10 DEOPT PACKING pc=0x0000021a1dc73b30 sp=0x00000086f04f8240
Event: 188.281 Thread 0x0000021a7ba54b10 DEOPT UNPACKING pc=0x0000021a1d5a46a2 sp=0x00000086f04f80e0 mode 2
Event: 188.890 Thread 0x0000021a7ba54b10 Uncommon trap: trap_request=0xffffffc6 fr.pc=0x0000021a1dd67654 relative=0x0000000000000894
Event: 188.890 Thread 0x0000021a7ba54b10 Uncommon trap: reason=bimorphic_or_optimized_type_check action=maybe_recompile pc=0x0000021a1dd67654 method=java.util.regex.Pattern$Start.match(Ljava/util/regex/Matcher;ILjava/lang/CharSequence;)Z @ 44 c2
Event: 188.890 Thread 0x0000021a7ba54b10 DEOPT PACKING pc=0x0000021a1dd67654 sp=0x00000086f04f9020
Event: 188.890 Thread 0x0000021a7ba54b10 DEOPT UNPACKING pc=0x0000021a1d5a46a2 sp=0x00000086f04f8f60 mode 2
Event: 188.896 Thread 0x0000021a7ba54b10 Uncommon trap: trap_request=0xffffffc6 fr.pc=0x0000021a1dd67654 relative=0x0000000000000894
Event: 188.896 Thread 0x0000021a7ba54b10 Uncommon trap: reason=bimorphic_or_optimized_type_check action=maybe_recompile pc=0x0000021a1dd67654 method=java.util.regex.Pattern$Start.match(Ljava/util/regex/Matcher;ILjava/lang/CharSequence;)Z @ 44 c2
Event: 188.896 Thread 0x0000021a7ba54b10 DEOPT PACKING pc=0x0000021a1dd67654 sp=0x00000086f04f9020
Event: 188.896 Thread 0x0000021a7ba54b10 DEOPT UNPACKING pc=0x0000021a1d5a46a2 sp=0x00000086f04f8f60 mode 2
Event: 188.940 Thread 0x0000021a7ba54b10 Uncommon trap: trap_request=0xffffffc6 fr.pc=0x0000021a1ddb72a4 relative=0x0000000000000f64
Event: 188.940 Thread 0x0000021a7ba54b10 Uncommon trap: reason=bimorphic_or_optimized_type_check action=maybe_recompile pc=0x0000021a1ddb72a4 method=java.lang.ClassLoader.loadClass(Ljava/lang/String;Z)Ljava/lang/Class; @ 69 c2
Event: 188.940 Thread 0x0000021a7ba54b10 DEOPT PACKING pc=0x0000021a1ddb72a4 sp=0x00000086f04f86f0
Event: 188.940 Thread 0x0000021a7ba54b10 DEOPT UNPACKING pc=0x0000021a1d5a46a2 sp=0x00000086f04f86b0 mode 2
Event: 189.103 Thread 0x0000021a7ba54b10 Uncommon trap: trap_request=0xffffffc6 fr.pc=0x0000021a1ddb72a4 relative=0x0000000000000f64
Event: 189.103 Thread 0x0000021a7ba54b10 Uncommon trap: reason=bimorphic_or_optimized_type_check action=maybe_recompile pc=0x0000021a1ddb72a4 method=java.lang.ClassLoader.loadClass(Ljava/lang/String;Z)Ljava/lang/Class; @ 69 c2
Event: 189.103 Thread 0x0000021a7ba54b10 DEOPT PACKING pc=0x0000021a1ddb72a4 sp=0x00000086f04f8830
Event: 189.103 Thread 0x0000021a7ba54b10 DEOPT UNPACKING pc=0x0000021a1d5a46a2 sp=0x00000086f04f87f0 mode 2

Classes loaded (20 events):
Event: 134.731 Loading class java/util/WeakHashMap$HashIterator done
Event: 134.731 Loading class java/util/WeakHashMap$KeyIterator done
Event: 150.127 Loading class sun/invoke/util/ValueConversions$1
Event: 150.319 Loading class sun/invoke/util/ValueConversions$1 done
Event: 150.832 Loading class java/lang/invoke/BoundMethodHandle$Species_LI
Event: 150.832 Loading class java/lang/invoke/BoundMethodHandle$Species_LI done
Event: 188.288 Loading class sun/reflect/MagicAccessorImpl
Event: 188.288 Loading class sun/reflect/MagicAccessorImpl done
Event: 188.879 Loading class sun/reflect/generics/tree/IntSignature
Event: 188.884 Loading class sun/reflect/generics/tree/IntSignature done
Event: 188.885 Loading class sun/reflect/generics/tree/ArrayTypeSignature
Event: 188.886 Loading class sun/reflect/generics/tree/ArrayTypeSignature done
Event: 189.104 Loading class com/sun/beans/finder/MethodFinder
Event: 189.139 Loading class com/sun/beans/finder/AbstractFinder
Event: 189.151 Loading class com/sun/beans/finder/AbstractFinder done
Event: 189.151 Loading class com/sun/beans/finder/MethodFinder done
Event: 189.152 Loading class com/sun/beans/finder/MethodFinder$1
Event: 189.152 Loading class com/sun/beans/finder/MethodFinder$1 done
Event: 189.152 Loading class com/sun/beans/finder/FinderUtils
Event: 189.174 Loading class com/sun/beans/finder/FinderUtils done

Classes unloaded (0 events):
No events

Classes redefined (0 events):
No events

Internal exceptions (20 events):
Event: 136.380 Thread 0x0000021a7ba54b10 Exception <a 'java/lang/ClassNotFoundException'{0x0000000598e996d0}: ijMapper1_5t0kvqyv5uu5sdhvj25dovbjhCustomizer> (0x0000000598e996d0) 
thrown [s\open\src\hotspot\share\classfile\systemDictionary.cpp, line 312]
Event: 137.737 Thread 0x0000021a7ba54b10 Exception <a 'java/lang/ClassNotFoundException'{0x0000000598f6ada0}: org/gradle/internal/extensibility/DefaultExtraPropertiesExtensionBeanInfo> (0x0000000598f6ada0) 
thrown [s\open\src\hotspot\share\classfile\systemDictionary.cpp, line 312]
Event: 137.738 Thread 0x0000021a7ba54b10 Exception <a 'java/lang/ClassNotFoundException'{0x0000000598f73dc8}: org/gradle/internal/extensibility/DefaultExtraPropertiesExtensionCustomizer> (0x0000000598f73dc8) 
thrown [s\open\src\hotspot\share\classfile\systemDictionary.cpp, line 312]
Event: 138.483 Thread 0x0000021a7ba54b10 Exception <a 'java/lang/NoSuchMethodError'{0x000000059709b988}: 'java.lang.Object java.lang.invoke.DirectMethodHandle$Holder.invokeSpecialIFC(java.lang.Object, java.lang.Object, java.lang.Object, java.lang.Object)'> (0x000000059709b988) 
thrown [s\open\src\hotspot\share\interpreter\linkResolver.cpp, line 773]
Event: 148.792 Thread 0x0000021a7ba54b10 Exception <a 'java/lang/NoSuchMethodError'{0x00000005975cfd70}: 'void java.lang.invoke.Invokers$Holder.invoke_MT(java.lang.Object, java.lang.Object, java.lang.Object, java.lang.Object)'> (0x00000005975cfd70) 
thrown [s\open\src\hotspot\share\interpreter\linkResolver.cpp, line 773]
Event: 149.953 Thread 0x0000021a7ba54b10 Implicit null exception at 0x0000021a1dc78c65 to 0x0000021a1dc78ef0
Event: 150.401 Thread 0x0000021a7ba54b10 Exception <a 'java/lang/NoSuchMethodError'{0x00000005975ede40}: 'int java.lang.invoke.DirectMethodHandle$Holder.invokeSpecial(java.lang.Object, java.lang.Object, java.lang.Object, int)'> (0x00000005975ede40) 
thrown [s\open\src\hotspot\share\interpreter\linkResolver.cpp, line 773]
Event: 151.520 Thread 0x0000021a7ba54b10 Exception <a 'java/lang/NoSuchMethodError'{0x00000005975ff0a8}: 'java.lang.Object java.lang.invoke.DirectMethodHandle$Holder.invokeStatic(java.lang.Object, java.lang.Object, java.lang.Object, java.lang.Object, int)'> (0x00000005975ff0a8) 
thrown [s\open\src\hotspot\share\interpreter\linkResolver.cpp, line 773]
Event: 151.878 Thread 0x0000021a7ba54b10 Exception <a 'java/lang/NoSuchMethodError'{0x0000000597607790}: 'java.lang.Object java.lang.invoke.DirectMethodHandle$Holder.invokeSpecial(java.lang.Object, java.lang.Object, java.lang.Object, java.lang.Object, int)'> (0x0000000597607790) 
thrown [s\open\src\hotspot\share\interpreter\linkResolver.cpp, line 773]
Event: 164.838 Thread 0x0000021a7ba54b10 Exception <a 'java/lang/ClassNotFoundException'{0x0000000597769cb8}: org/gradle/invocation/DefaultGradle_DecoratedBeanInfo> (0x0000000597769cb8) 
thrown [s\open\src\hotspot\share\classfile\systemDictionary.cpp, line 312]
Event: 165.181 Thread 0x0000021a7ba54b10 Exception <a 'java/lang/ClassNotFoundException'{0x0000000597777290}: org/gradle/invocation/DefaultGradleBeanInfo> (0x0000000597777290) 
thrown [s\open\src\hotspot\share\classfile\systemDictionary.cpp, line 312]
Event: 165.182 Thread 0x0000021a7ba54b10 Exception <a 'java/lang/ClassNotFoundException'{0x0000000597784d98}: org/gradle/api/internal/project/AbstractPluginAwareBeanInfo> (0x0000000597784d98) 
thrown [s\open\src\hotspot\share\classfile\systemDictionary.cpp, line 312]
Event: 166.294 Thread 0x0000021a7ba54b10 Exception <a 'java/lang/ClassNotFoundException'{0x00000005977928f0}: org/gradle/api/internal/project/AbstractPluginAwareCustomizer> (0x00000005977928f0) 
thrown [s\open\src\hotspot\share\classfile\systemDictionary.cpp, line 312]
Event: 167.565 Thread 0x0000021a7ba54b10 Exception <a 'java/lang/ClassNotFoundException'{0x00000005977a6a68}: org/gradle/invocation/DefaultGradleCustomizer> (0x00000005977a6a68) 
thrown [s\open\src\hotspot\share\classfile\systemDictionary.cpp, line 312]
Event: 168.189 Thread 0x0000021a7ba54b10 Exception <a 'java/lang/ClassNotFoundException'{0x00000005977eb2b8}: org/gradle/invocation/DefaultGradle_DecoratedCustomizer> (0x00000005977eb2b8) 
thrown [s\open\src\hotspot\share\classfile\systemDictionary.cpp, line 312]
Event: 188.277 Thread 0x0000021a7ba54b10 Implicit null exception at 0x0000021a1dc6df8d to 0x0000021a1dc73b04
Event: 188.854 Thread 0x0000021a7ba54b10 Exception <a 'java/lang/ClassNotFoundException'{0x00000005a04b71b8}: groovy/lang/Closure$1BeanInfo> (0x00000005a04b71b8) 
thrown [s\open\src\hotspot\share\classfile\systemDictionary.cpp, line 312]
Event: 188.860 Thread 0x0000021a7ba54b10 Exception <a 'java/lang/ClassNotFoundException'{0x00000005a04c46c8}: groovy/lang/ClosureBeanInfo> (0x00000005a04c46c8) 
thrown [s\open\src\hotspot\share\classfile\systemDictionary.cpp, line 312]
Event: 188.865 Thread 0x0000021a7ba54b10 Exception <a 'java/lang/ClassNotFoundException'{0x00000005a04d1860}: groovy/lang/ClosureCustomizer> (0x00000005a04d1860) 
thrown [s\open\src\hotspot\share\classfile\systemDictionary.cpp, line 312]
Event: 189.103 Thread 0x0000021a7ba54b10 Exception <a 'java/lang/ClassNotFoundException'{0x00000005a0503248}: groovy/lang/Closure$1Customizer> (0x00000005a0503248) 
thrown [s\open\src\hotspot\share\classfile\systemDictionary.cpp, line 312]

ZGC Phase Switch (0 events):
No events

VM Operations (20 events):
Event: 167.755 Executing VM operation: Cleanup done
Event: 168.763 Executing VM operation: Cleanup
Event: 168.856 Executing VM operation: Cleanup done
Event: 171.885 Executing VM operation: Cleanup
Event: 171.886 Executing VM operation: Cleanup done
Event: 174.918 Executing VM operation: Cleanup
Event: 174.934 Executing VM operation: Cleanup done
Event: 175.945 Executing VM operation: Cleanup
Event: 175.976 Executing VM operation: Cleanup done
Event: 176.985 Executing VM operation: Cleanup
Event: 177.093 Executing VM operation: Cleanup done
Event: 178.102 Executing VM operation: Cleanup
Event: 178.134 Executing VM operation: Cleanup done
Event: 179.141 Executing VM operation: Cleanup
Event: 179.657 Executing VM operation: Cleanup done
Event: 183.725 Executing VM operation: CollectForMetadataAllocation (Metadata GC Threshold)
Event: 188.052 Executing VM operation: CollectForMetadataAllocation (Metadata GC Threshold) done
Event: 188.053 Executing VM operation: G1CollectForAllocation (G1 Evacuation Pause)
Event: 188.275 Executing VM operation: G1CollectForAllocation (G1 Evacuation Pause) done
Event: 189.592 Executing VM operation: CollectForMetadataAllocation (Metadata GC Threshold)

Events (20 events):
Event: 31.041 Thread 0x0000021a7ba59a70 Thread added: 0x0000021a7ba59a70
Event: 35.863 Thread 0x0000021a7ba5b4b0 Thread added: 0x0000021a7ba5b4b0
Event: 44.512 Thread 0x0000021a7ba5a790 Thread added: 0x0000021a7ba5a790
Event: 44.950 Thread 0x0000021a7c81d150 Thread added: 0x0000021a7c81d150
Event: 45.231 Thread 0x0000021a7c81d150 Thread exited: 0x0000021a7c81d150
Event: 45.773 Thread 0x0000021a7bfa1730 Thread added: 0x0000021a7bfa1730
Event: 47.389 Thread 0x0000021a7bfa1730 Thread exited: 0x0000021a7bfa1730
Event: 48.196 Thread 0x0000021a7ba5ae20 Thread added: 0x0000021a7ba5ae20
Event: 48.246 Thread 0x0000021a7ba58d50 Thread added: 0x0000021a7ba58d50
Event: 48.347 Thread 0x0000021a7de75540 Thread added: 0x0000021a7de75540
Event: 48.571 Thread 0x0000021a7de75540 Thread exited: 0x0000021a7de75540
Event: 53.424 Thread 0x0000021a7e76bc70 Thread added: 0x0000021a7e76bc70
Event: 53.500 Thread 0x0000021a7e76d020 Thread added: 0x0000021a7e76d020
Event: 59.827 Thread 0x0000021a7e76c300 Thread added: 0x0000021a7e76c300
Event: 80.952 Thread 0x0000021a7e769ba0 Thread added: 0x0000021a7e769ba0
Event: 106.644 Thread 0x0000021a7e76a230 Thread added: 0x0000021a7e76a230
Event: 119.880 Thread 0x0000021a7ba5b4b0 Thread exited: 0x0000021a7ba5b4b0
Event: 138.333 Thread 0x0000021a7e76af50 Thread added: 0x0000021a7e76af50
Event: 138.971 Thread 0x0000021a7e76a8c0 Thread added: 0x0000021a7e76a8c0
Event: 167.403 Thread 0x0000021a7e76c300 Thread exited: 0x0000021a7e76c300


Dynamic libraries:
0x00007ff600dd0000 - 0x00007ff600de0000 	C:\Program Files\Java\jdk-21\bin\java.exe
0x00007fff07260000 - 0x00007fff074c7000 	C:\Windows\SYSTEM32\ntdll.dll
0x00007fff063c0000 - 0x00007fff06489000 	C:\Windows\System32\KERNEL32.DLL
0x00007fff047d0000 - 0x00007fff04bc0000 	C:\Windows\System32\KERNELBASE.dll
0x00007fff04c60000 - 0x00007fff04dab000 	C:\Windows\System32\ucrtbase.dll
0x00007ffeedb90000 - 0x00007ffeedba9000 	C:\Program Files\Java\jdk-21\bin\jli.dll
0x00007fff06c60000 - 0x00007fff06d14000 	C:\Windows\System32\ADVAPI32.dll
0x00007fff05200000 - 0x00007fff052a9000 	C:\Windows\System32\msvcrt.dll
0x00007fff05e00000 - 0x00007fff05ea6000 	C:\Windows\System32\sechost.dll
0x00007fff05030000 - 0x00007fff05148000 	C:\Windows\System32\RPCRT4.dll
0x00007fff052b0000 - 0x00007fff05475000 	C:\Windows\System32\USER32.dll
0x00007fff04390000 - 0x00007fff043b7000 	C:\Windows\System32\win32u.dll
0x00007fff06c30000 - 0x00007fff06c5b000 	C:\Windows\System32\GDI32.dll
0x00007fff04470000 - 0x00007fff045a8000 	C:\Windows\System32\gdi32full.dll
0x00007fff043c0000 - 0x00007fff04463000 	C:\Windows\System32\msvcp_win.dll
0x00007ffefce60000 - 0x00007ffefce7b000 	C:\Program Files\Java\jdk-21\bin\VCRUNTIME140.dll
0x00007ffee8290000 - 0x00007ffee852a000 	C:\Windows\WinSxS\amd64_microsoft.windows.common-controls_6595b64144ccf1df_6.0.26100.4768_none_3e0c112ce331287c\COMCTL32.dll
0x00007ffeecc70000 - 0x00007ffeecc7b000 	C:\Windows\SYSTEM32\VERSION.dll
0x00007fff04ff0000 - 0x00007fff0501f000 	C:\Windows\System32\IMM32.DLL
0x00007ffefe890000 - 0x00007ffefe89c000 	C:\Program Files\Java\jdk-21\bin\vcruntime140_1.dll
0x00007ffed3910000 - 0x00007ffed399e000 	C:\Program Files\Java\jdk-21\bin\msvcp140.dll
0x00007ffe3d230000 - 0x00007ffe3df4a000 	C:\Program Files\Java\jdk-21\bin\server\jvm.dll
0x00007fff061e0000 - 0x00007fff06254000 	C:\Windows\System32\WS2_32.dll
0x00007fff04210000 - 0x00007fff0426e000 	C:\Windows\SYSTEM32\POWRPROF.dll
0x00007ffefc7a0000 - 0x00007ffefc7d5000 	C:\Windows\SYSTEM32\WINMM.dll
0x00007fff041d0000 - 0x00007fff041e4000 	C:\Windows\SYSTEM32\UMPDC.dll
0x00007fff02fa0000 - 0x00007fff02fbb000 	C:\Windows\SYSTEM32\kernel.appcore.dll
0x00007ffefcf30000 - 0x00007ffefcf3a000 	C:\Program Files\Java\jdk-21\bin\jimage.dll
0x00007fff01640000 - 0x00007fff01881000 	C:\Windows\SYSTEM32\DBGHELP.DLL
0x00007fff06d20000 - 0x00007fff070a5000 	C:\Windows\System32\combase.dll
0x00007fff070c0000 - 0x00007fff071a0000 	C:\Windows\System32\OLEAUT32.dll
0x00007ffedf450000 - 0x00007ffedf493000 	C:\Windows\SYSTEM32\dbgcore.DLL
0x00007fff04730000 - 0x00007fff047c9000 	C:\Windows\System32\bcryptPrimitives.dll
0x00007ffefcdc0000 - 0x00007ffefcdcf000 	C:\Program Files\Java\jdk-21\bin\instrument.dll
0x00007ffeed760000 - 0x00007ffeed77f000 	C:\Program Files\Java\jdk-21\bin\java.dll
0x00007fff056a0000 - 0x00007fff05ded000 	C:\Windows\System32\SHELL32.dll
0x00007fff04db0000 - 0x00007fff04f23000 	C:\Windows\System32\wintypes.dll
0x00007fff01bf0000 - 0x00007fff0244f000 	C:\Windows\SYSTEM32\windows.storage.dll
0x00007fff06490000 - 0x00007fff06585000 	C:\Windows\System32\SHCORE.dll
0x00007fff071b0000 - 0x00007fff0721a000 	C:\Windows\System32\shlwapi.dll
0x00007fff042b0000 - 0x00007fff042d9000 	C:\Windows\SYSTEM32\profapi.dll
0x00007ffe92f10000 - 0x00007ffe92fe7000 	C:\Program Files\Java\jdk-21\bin\jsvml.dll
0x00007ffeed5c0000 - 0x00007ffeed5d8000 	C:\Program Files\Java\jdk-21\bin\zip.dll
0x00007ffefcd80000 - 0x00007ffefcd90000 	C:\Program Files\Java\jdk-21\bin\net.dll
0x00007fff02fc0000 - 0x00007fff030de000 	C:\Windows\SYSTEM32\WINHTTP.dll
0x00007fff03640000 - 0x00007fff036ab000 	C:\Windows\system32\mswsock.dll
0x00007ffeed410000 - 0x00007ffeed426000 	C:\Program Files\Java\jdk-21\bin\nio.dll
0x00007ffefcd20000 - 0x00007ffefcd30000 	C:\Program Files\Java\jdk-21\bin\verify.dll
0x00007ffeed5e0000 - 0x00007ffeed607000 	C:\Users\pankajk\.gradle\native\1def1411415f61bf3af743bc5b6707747c0891f09f0c88961ee8f79bc544acac\windows-amd64\native-platform.dll
0x00007ffed7f70000 - 0x00007ffed7fe8000 	C:\Users\pankajk\.gradle\native\0.2.7\x86_64-windows-gnu\gradle-fileevents.dll
0x00007ffefcc40000 - 0x00007ffefcc4a000 	C:\Program Files\Java\jdk-21\bin\management.dll
0x00007ffefcc00000 - 0x00007ffefcc0b000 	C:\Program Files\Java\jdk-21\bin\management_ext.dll
0x00007fff05480000 - 0x00007fff05488000 	C:\Windows\System32\PSAPI.DLL
0x00007fff02780000 - 0x00007fff027b3000 	C:\Windows\SYSTEM32\IPHLPAPI.DLL
0x00007fff05490000 - 0x00007fff0549a000 	C:\Windows\System32\NSI.dll
0x00007ffef43c0000 - 0x00007ffef43c9000 	C:\Program Files\Java\jdk-21\bin\extnet.dll
0x00007fff03a20000 - 0x00007fff03a3b000 	C:\Windows\SYSTEM32\CRYPTSP.dll
0x00007fff02f00000 - 0x00007fff02f3b000 	C:\Windows\system32\rsaenh.dll
0x00007fff036e0000 - 0x00007fff0370b000 	C:\Windows\SYSTEM32\USERENV.dll
0x00007fff04280000 - 0x00007fff042a6000 	C:\Windows\SYSTEM32\bcrypt.dll
0x00007fff03880000 - 0x00007fff0388c000 	C:\Windows\SYSTEM32\CRYPTBASE.dll
0x00007ffef4350000 - 0x00007ffef435e000 	C:\Program Files\Java\jdk-21\bin\sunmscapi.dll
0x00007fff045b0000 - 0x00007fff04727000 	C:\Windows\System32\CRYPT32.dll
0x00007fff03b80000 - 0x00007fff03bb0000 	C:\Windows\SYSTEM32\ncrypt.dll
0x00007fff03b30000 - 0x00007fff03b6f000 	C:\Windows\SYSTEM32\NTASN1.dll
0x00007ffec82f0000 - 0x00007ffec82f8000 	C:\Windows\system32\wshunix.dll

dbghelp: loaded successfully - version: 4.0.5 - missing functions: none
symbol engine: initialized successfully - sym options: 0x614 - pdb path: .;C:\Program Files\Java\jdk-21\bin;C:\Windows\SYSTEM32;C:\Windows\WinSxS\amd64_microsoft.windows.common-controls_6595b64144ccf1df_6.0.26100.4768_none_3e0c112ce331287c;C:\Program Files\Java\jdk-21\bin\server;C:\Users\pankajk\.gradle\native\1def1411415f61bf3af743bc5b6707747c0891f09f0c88961ee8f79bc544acac\windows-amd64;C:\Users\pankajk\.gradle\native\0.2.7\x86_64-windows-gnu

VM Arguments:
jvm_args: --add-opens=java.base/java.lang=ALL-UNNAMED --add-opens=java.base/java.lang.invoke=ALL-UNNAMED --add-opens=java.base/java.util=ALL-UNNAMED --add-opens=java.prefs/java.util.prefs=ALL-UNNAMED --add-exports=jdk.compiler/com.sun.tools.javac.api=ALL-UNNAMED --add-exports=jdk.compiler/com.sun.tools.javac.util=ALL-UNNAMED --add-opens=java.base/java.util=ALL-UNNAMED --add-opens=java.prefs/java.util.prefs=ALL-UNNAMED --add-opens=java.base/java.nio.charset=ALL-UNNAMED --add-opens=java.base/java.net=ALL-UNNAMED --add-opens=java.base/java.util.concurrent.atomic=ALL-UNNAMED --add-opens=java.xml/javax.xml.namespace=ALL-UNNAMED -Xms768m -Xmx10485m -Dfile.encoding=UTF-8 -Duser.country=IN -Duser.language=en -Duser.variant -javaagent:C:\Users\pankajk\.gradle\wrapper\dists\gradle-8.14.3-bin\cv11ve7ro1n3o1j4so8xd9n66\gradle-8.14.3\lib\agents\gradle-instrumentation-agent-8.14.3.jar 
java_command: org.gradle.launcher.daemon.bootstrap.GradleDaemon 8.14.3
java_class_path (initial): C:\Users\pankajk\.gradle\wrapper\dists\gradle-8.14.3-bin\cv11ve7ro1n3o1j4so8xd9n66\gradle-8.14.3\lib\gradle-daemon-main-8.14.3.jar
Launcher Type: SUN_STANDARD

[Global flags]
     intx CICompilerCount                          = 4                                         {product} {ergonomic}
     uint ConcGCThreads                            = 3                                         {product} {ergonomic}
     uint G1ConcRefinementThreads                  = 10                                        {product} {ergonomic}
   size_t G1HeapRegionSize                         = 8388608                                   {product} {ergonomic}
    uintx GCDrainStackTargetSize                   = 64                                        {product} {ergonomic}
   size_t InitialHeapSize                          = 805306368                                 {product} {command line}
   size_t MarkStackSize                            = 4194304                                   {product} {ergonomic}
   size_t MaxHeapSize                              = 10997465088                               {product} {command line, ergonomic}
   size_t MaxNewSize                               = 6593445888                                {product} {ergonomic}
   size_t MinHeapDeltaBytes                        = 8388608                                   {product} {ergonomic}
   size_t MinHeapSize                              = 805306368                                 {product} {command line}
    uintx NonNMethodCodeHeapSize                   = 5839372                                {pd product} {ergonomic}
    uintx NonProfiledCodeHeapSize                  = 122909434                              {pd product} {ergonomic}
    uintx ProfiledCodeHeapSize                     = 122909434                              {pd product} {ergonomic}
    uintx ReservedCodeCacheSize                    = 251658240                              {pd product} {ergonomic}
     bool SegmentedCodeCache                       = true                                      {product} {ergonomic}
   size_t SoftMaxHeapSize                          = 10997465088                            {manageable} {ergonomic}
     bool UseCompressedOops                        = true                           {product lp64_product} {ergonomic}
     bool UseG1GC                                  = true                                      {product} {ergonomic}
     bool UseLargePagesIndividualAllocation        = false                                  {pd product} {ergonomic}

Logging:
Log output configuration:
 #0: stdout all=warning uptime,level,tags foldmultilines=false
 #1: stderr all=off uptime,level,tags foldmultilines=false

Environment Variables:
JAVA_HOME=C:\Program Files\Java\jdk-21
PATH=C:\Python313\Scripts\;C:\Python313\;C:\Windows;C:\Windows\System32\Wbem;C:\Windows\System32\WindowsPowerShell\v1.0\;C:\Windows\System32\OpenSSH\;C:\Program Files\dotnet\;C:\Program Files\Java\jdk-21\jdk-21\bin;C:\Program Files\Docker\Docker\resources\bin;C:\Program Files\Git\cmd;C:\ProgramData\chocolatey\bin;C:\Program Files\Common Files\Oracle\Java\javapath;C:\Users\pankajk\AppData\Local\nvm;C:\nvm4w\nodejs;C:\Program Files\Redis\;C:\Program Files\Java\jdk-21\bin;C:\Windows\system32;C:\Users\pankajk\AppData\Local\Microsoft\WindowsApps;C:\Gradle\gradle-7.6.4\bin;C:\Program Files\JetBrains\IntelliJ IDEA 2024.3.5\bin;C:\Users\pankajk\AppData\Local\Programs\Azure Data Studio\bin;C:\Users\pankajk\AppData\Local\Programs\Microsoft VS Code\bin;C:\Program Files\MongoDB\Server\8.0\bin;C:\Program Files\Java\jdk-21\bin;C:\Python313\Scripts\;C:\Python313\;C:\Program Files\Common Files\Oracle\Java\javapath;C:\Windows\system32;C:\Windows;C:\Windows\System32\Wbem;C:\Windows\System32\WindowsPowerShell\v1.0\;C:\Windows\System32\OpenSSH\;C:\Program Files\dotnet\;C:\Program Files\Docker\Docker\resources\bin;C:\Program Files\Git\cmd;C:\ProgramData\chocolatey\bin;C:\Users\pankajk\AppData\Local\Microsoft\WindowsApps;C:\Gradle\gradle-7.6.4\bin;C:\Program Files\JetBrains\IntelliJ IDEA 2024.3.5\bin;C:\Users\pankajk\AppData\Local\Programs\Azure Data Studio\bin;C:\Users\pankajk\AppData\Local\nvm;C:\nvm4w\nodejs;C:\Users\pankajk\AppData\Local\Programs\Microsoft VS Code\bin
USERNAME=Pankajk
OS=Windows_NT
PROCESSOR_IDENTIFIER=Intel64 Family 6 Model 186 Stepping 3, GenuineIntel
TMP=C:\Users\pankajk\AppData\Local\Temp
TEMP=C:\Users\pankajk\AppData\Local\Temp




Periodic native trim disabled

---------------  S Y S T E M  ---------------

OS:
 Windows 11 , 64 bit Build 26100 (10.0.26100.4768)
OS uptime: 9 days 0:46 hours
Hyper-V role detected

CPU: total 12 (initial active 12) (6 cores per cpu, 2 threads per core) family 6 model 186 stepping 3 microcode 0x4128, cx8, cmov, fxsr, ht, mmx, 3dnowpref, sse, sse2, sse3, ssse3, sse4.1, sse4.2, popcnt, lzcnt, tsc, tscinvbit, avx, avx2, aes, erms, clmul, bmi1, bmi2, adx, sha, fma, vzeroupper, clflush, clflushopt, clwb, hv, serialize, rdtscp, rdpid, fsrm, f16c, cet_ibt, cet_ss
Processor Information for all 12 processors :
  Max Mhz: 1300, Current Mhz: 1300, Mhz Limit: 1300

Memory: 4k page, system-wide physical 16068M (476M free)
TotalPageFile size 64975M (AvailPageFile size 430M)
current process WorkingSet (physical memory assigned to process): 192M, peak: 231M
current process commit charge ("private bytes"): 966M, peak: 1774M

vm_info: Java HotSpot(TM) 64-Bit Server VM (21.0.7+8-LTS-245) for windows-amd64 JRE (21.0.7+8-LTS-245), built on 2025-02-21T05:11:27Z by "mach5one" with MS VC++ 17.6 (VS2022)

END.
